<?xml version="1.0" encoding="UTF-8"?>
<!-- Generated by org.testng.reporters.JUnitXMLReporter -->
<testsuite hostname="Suryas" ignored="0" name="Surefire test" tests="9" failures="0" timestamp="08 Apr 2022 21:06:15 GMT" time="0.256" errors="0">
  <testcase name="givenEmptyTree_whenInsertCalled_treeShouldBeAvl on givenEmptyTree_whenInsertCalled_treeShouldBeAvl(org.example.AVLTreeUnitTest)" time="0.047" classname="org.example.AVLTreeUnitTest"/>
  <testcase name="givenEmptyTree_whenInsertCalled_heightShouldBeZero on givenEmptyTree_whenInsertCalled_heightShouldBeZero(org.example.AVLTreeUnitTest)" time="0.047" classname="org.example.AVLTreeUnitTest"/>
  <testcase name="givenSampleTree_whenFindExistingKeyCalled_shouldReturnMatchedNode on givenSampleTree_whenFindExistingKeyCalled_shouldReturnMatchedNode(org.example.AVLTreeUnitTest)" time="0.047" classname="org.example.AVLTreeUnitTest"/>
  <testcase name="givenSampleTree_whenFindNotExistingKeyCalled_shouldReturnNull on givenSampleTree_whenFindNotExistingKeyCalled_shouldReturnNull(org.example.AVLTreeUnitTest)" time="0.047" classname="org.example.AVLTreeUnitTest"/>
  <testcase name="givenEmptyTree_whenHeightCalled_shouldReturnMinus1 on givenEmptyTree_whenHeightCalled_shouldReturnMinus1(org.example.AVLTreeUnitTest)" time="0.047" classname="org.example.AVLTreeUnitTest"/>
  <testcase name="givenSampleTree_whenDeleteCalled_treeShouldBeAvl on givenSampleTree_whenDeleteCalled_treeShouldBeAvl(org.example.AVLTreeUnitTest)" time="0.047" classname="org.example.AVLTreeUnitTest"/>
  <testcase name="givenEmptyTree_whenDeleteCalled_treeShouldBeAvl on givenEmptyTree_whenDeleteCalled_treeShouldBeAvl(org.example.AVLTreeUnitTest)" time="0.047" classname="org.example.AVLTreeUnitTest"/>
  <testcase name="givenSampleTree_whenInsertCalled_treeShouldBeAvl on givenSampleTree_whenInsertCalled_treeShouldBeAvl(org.example.AVLTreeUnitTest)" time="0.047" classname="org.example.AVLTreeUnitTest"/>
  <testcase name="test_JUnit on test_JUnit(org.example.BoomTest)" time="0.0" classname="org.example.BoomTest"/>
</testsuite> <!-- Surefire test -->
