<?xml version="1.0" encoding="UTF-8"?>
<!-- Generated by org.testng.reporters.JUnitXMLReporter -->
<testsuite hostname="Suryas" ignored="0" name="Surefire test" tests="10" failures="0" timestamp="09 Apr 2022 16:31:25 GMT" time="0.274" errors="0">
  <testcase name="givenEmptyTree_whenInsertCalled_treeShouldBeAvl on givenEmptyTree_whenInsertCalled_treeShouldBeAvl(org.example.AVLTreeUnitTest)" time="0.047" classname="org.example.AVLTreeUnitTest"/>
  <testcase name="givenEmptyTree_whenInsertCalled_heightShouldBeZero on givenEmptyTree_whenInsertCalled_heightShouldBeZero(org.example.AVLTreeUnitTest)" time="0.054" classname="org.example.AVLTreeUnitTest"/>
  <testcase name="givenSampleTree_whenFindExistingKeyCalled_shouldReturnMatchedNode on givenSampleTree_whenFindExistingKeyCalled_shouldReturnMatchedNode(org.example.AVLTreeUnitTest)" time="0.055" classname="org.example.AVLTreeUnitTest"/>
  <testcase name="givenSampleTree_whenFindNotExistingKeyCalled_shouldReturnNull on givenSampleTree_whenFindNotExistingKeyCalled_shouldReturnNull(org.example.AVLTreeUnitTest)" time="0.056" classname="org.example.AVLTreeUnitTest"/>
  <testcase name="duplicateExceptionTest on duplicateExceptionTest(org.example.AVLTreeUnitTest)" time="0.058" classname="org.example.AVLTreeUnitTest"/>
  <testcase name="givenEmptyTree_whenHeightCalled_shouldReturnMinus1 on givenEmptyTree_whenHeightCalled_shouldReturnMinus1(org.example.AVLTreeUnitTest)" time="0.059" classname="org.example.AVLTreeUnitTest"/>
  <testcase name="givenSampleTree_whenDeleteCalled_treeShouldBeAvl on givenSampleTree_whenDeleteCalled_treeShouldBeAvl(org.example.AVLTreeUnitTest)" time="0.06" classname="org.example.AVLTreeUnitTest"/>
  <testcase name="givenEmptyTree_whenDeleteCalled_treeShouldBeAvl on givenEmptyTree_whenDeleteCalled_treeShouldBeAvl(org.example.AVLTreeUnitTest)" time="0.062" classname="org.example.AVLTreeUnitTest"/>
  <testcase name="givenSampleTree_whenInsertCalled_treeShouldBeAvl on givenSampleTree_whenInsertCalled_treeShouldBeAvl(org.example.AVLTreeUnitTest)" time="0.063" classname="org.example.AVLTreeUnitTest"/>
  <testcase name="test_JUnit on test_JUnit(org.example.BoomTest)" time="0.001" classname="org.example.BoomTest"/>
</testsuite> <!-- Surefire test -->
