<?xml version="1.0" encoding="UTF-8"?>
<testng-results ignored="0" total="1" passed="1" failed="0" skipped="0">
  <reporter-output>
  </reporter-output>
  <suite started-at="2022-04-08T14:50:54Z" name="Surefire suite" finished-at="2022-04-08T14:50:55Z" duration-ms="1117">
    <groups>
    </groups>
    <test started-at="2022-04-08T14:50:54Z" name="Surefire test" finished-at="2022-04-08T14:50:55Z" duration-ms="1117">
      <class name="org.example.BoomTest">
        <test-method signature="test_JUnit()" started-at="2022-04-08T14:50:55Z" name="test_JUnit" finished-at="2022-04-08T14:50:55Z" duration-ms="161" status="PASS">
          <reporter-output>
          </reporter-output>
        </test-method> <!-- test_JUnit -->
      </class> <!-- org.example.BoomTest -->
    </test> <!-- Surefire test -->
  </suite> <!-- Surefire suite -->
</testng-results>
