<?xml version="1.0" encoding="UTF-8"?>
<testsuite xmlns:xsi="http://www.w3.org/2001/XMLSchema-instance" xsi:noNamespaceSchemaLocation="https://maven.apache.org/surefire/maven-surefire-plugin/xsd/surefire-test-report-3.0.xsd" version="3.0" name="org.example.BoomTest" time="3.656" tests="1" errors="0" skipped="0" failures="0">
  <properties>
[...]
</properties>
  <testcase name="test_JUnit on test_JUnit(org.example.BoomTest)" classname="org.example.BoomTest" time="0.015">
    <system-out><![CDATA[This is the testcase in this class
]]></system-out>
  </testcase>
</testsuite>